{"/home/koo/Projects/examgenie/src/index.ts": {"path":"/home/koo/Projects/examgenie/src/index.ts","all":false,"statementMap":{"0":{"start":{"line":1,"column":0},"end":{"line":1,"column":67}},"1":{"start":{"line":2,"column":0},"end":{"line":2,"column":27}},"2":{"start":{"line":3,"column":0},"end":{"line":3,"column":65}},"6":{"start":{"line":7,"column":0},"end":{"line":7,"column":15}},"7":{"start":{"line":8,"column":0},"end":{"line":8,"column":29}},"8":{"start":{"line":9,"column":0},"end":{"line":9,"column":24}},"10":{"start":{"line":11,"column":0},"end":{"line":11,"column":35}},"11":{"start":{"line":12,"column":0},"end":{"line":12,"column":67}},"12":{"start":{"line":13,"column":0},"end":{"line":13,"column":7}},"13":{"start":{"line":14,"column":0},"end":{"line":14,"column":20}},"14":{"start":{"line":15,"column":0},"end":{"line":15,"column":35}},"15":{"start":{"line":16,"column":0},"end":{"line":16,"column":2}},"16":{"start":{"line":17,"column":0},"end":{"line":17,"column":38}},"18":{"start":{"line":19,"column":0},"end":{"line":19,"column":24}},"19":{"start":{"line":20,"column":0},"end":{"line":20,"column":54}},"20":{"start":{"line":21,"column":0},"end":{"line":21,"column":3}}},"s":{"0":1,"1":1,"2":1,"6":1,"7":1,"8":1,"10":1,"11":1,"12":0,"13":0,"14":0,"15":0,"16":1,"18":1,"19":1,"20":1},"branchMap":{"0":{"type":"branch","line":17,"loc":{"start":{"line":17,"column":25},"end":{"line":17,"column":38}},"locations":[{"start":{"line":17,"column":25},"end":{"line":17,"column":38}}]},"1":{"type":"branch","line":19,"loc":{"start":{"line":19,"column":17},"end":{"line":21,"column":3}},"locations":[{"start":{"line":19,"column":17},"end":{"line":21,"column":3}}]}},"b":{"0":[0],"1":[1]},"fnMap":{},"f":{}}
,"/home/koo/Projects/examgenie/src/controllers/questionsController.ts": {"path":"/home/koo/Projects/examgenie/src/controllers/questionsController.ts","all":false,"statementMap":{"0":{"start":{"line":1,"column":0},"end":{"line":1,"column":43}},"1":{"start":{"line":2,"column":0},"end":{"line":2,"column":52}},"4":{"start":{"line":5,"column":0},"end":{"line":5,"column":68}},"6":{"start":{"line":7,"column":0},"end":{"line":7,"column":47}},"7":{"start":{"line":8,"column":0},"end":{"line":8,"column":35}},"8":{"start":{"line":9,"column":0},"end":{"line":9,"column":14}},"10":{"start":{"line":11,"column":0},"end":{"line":11,"column":9}},"11":{"start":{"line":12,"column":0},"end":{"line":12,"column":51}},"12":{"start":{"line":13,"column":0},"end":{"line":13,"column":60}},"13":{"start":{"line":14,"column":0},"end":{"line":14,"column":15}},"14":{"start":{"line":15,"column":0},"end":{"line":15,"column":28}},"15":{"start":{"line":16,"column":0},"end":{"line":16,"column":65}},"16":{"start":{"line":17,"column":0},"end":{"line":17,"column":9}},"17":{"start":{"line":18,"column":0},"end":{"line":18,"column":14}},"19":{"start":{"line":20,"column":0},"end":{"line":20,"column":15}},"20":{"start":{"line":21,"column":0},"end":{"line":21,"column":28}},"21":{"start":{"line":22,"column":0},"end":{"line":22,"column":32}},"22":{"start":{"line":23,"column":0},"end":{"line":23,"column":9}},"23":{"start":{"line":24,"column":0},"end":{"line":24,"column":21}},"24":{"start":{"line":25,"column":0},"end":{"line":25,"column":81}},"25":{"start":{"line":26,"column":0},"end":{"line":26,"column":15}},"26":{"start":{"line":27,"column":0},"end":{"line":27,"column":28}},"27":{"start":{"line":28,"column":0},"end":{"line":28,"column":42}},"28":{"start":{"line":29,"column":0},"end":{"line":29,"column":9}},"29":{"start":{"line":30,"column":0},"end":{"line":30,"column":14}},"30":{"start":{"line":31,"column":0},"end":{"line":31,"column":15}},"31":{"start":{"line":32,"column":0},"end":{"line":32,"column":28}},"32":{"start":{"line":33,"column":0},"end":{"line":33,"column":46}},"33":{"start":{"line":34,"column":0},"end":{"line":34,"column":9}},"34":{"start":{"line":35,"column":0},"end":{"line":35,"column":5}},"36":{"start":{"line":37,"column":0},"end":{"line":37,"column":1}}},"s":{"0":1,"1":1,"4":1,"6":5,"7":3,"8":2,"10":5,"11":5,"12":5,"13":2,"14":2,"15":2,"16":2,"17":2,"19":2,"20":2,"21":2,"22":2,"23":5,"24":1,"25":0,"26":0,"27":0,"28":0,"29":1,"30":1,"31":1,"32":1,"33":1,"34":1,"36":5},"branchMap":{"0":{"type":"branch","line":5,"loc":{"start":{"line":5,"column":28},"end":{"line":37,"column":1}},"locations":[{"start":{"line":5,"column":28},"end":{"line":37,"column":1}}]},"1":{"type":"branch","line":7,"loc":{"start":{"line":7,"column":46},"end":{"line":8,"column":35}},"locations":[{"start":{"line":7,"column":46},"end":{"line":8,"column":35}}]},"2":{"type":"branch","line":8,"loc":{"start":{"line":8,"column":34},"end":{"line":9,"column":14}},"locations":[{"start":{"line":8,"column":34},"end":{"line":9,"column":14}}]},"3":{"type":"branch","line":12,"loc":{"start":{"line":12,"column":50},"end":{"line":13,"column":59}},"locations":[{"start":{"line":12,"column":50},"end":{"line":13,"column":59}}]},"4":{"type":"branch","line":13,"loc":{"start":{"line":13,"column":59},"end":{"line":23,"column":9}},"locations":[{"start":{"line":13,"column":59},"end":{"line":23,"column":9}}]},"5":{"type":"branch","line":24,"loc":{"start":{"line":24,"column":4},"end":{"line":35,"column":5}},"locations":[{"start":{"line":24,"column":4},"end":{"line":35,"column":5}}]},"6":{"type":"branch","line":25,"loc":{"start":{"line":25,"column":80},"end":{"line":29,"column":9}},"locations":[{"start":{"line":25,"column":80},"end":{"line":29,"column":9}}]}},"b":{"0":[5],"1":[3],"2":[2],"3":[4],"4":[2],"5":[1],"6":[0]},"fnMap":{"0":{"name":"getQuestions","decl":{"start":{"line":5,"column":28},"end":{"line":37,"column":1}},"loc":{"start":{"line":5,"column":28},"end":{"line":37,"column":1}},"line":5}},"f":{"0":5}}
,"/home/koo/Projects/examgenie/src/database/seed.ts": {"path":"/home/koo/Projects/examgenie/src/database/seed.ts","all":true,"statementMap":{"0":{"start":{"line":1,"column":0},"end":{"line":1,"column":59}},"1":{"start":{"line":2,"column":0},"end":{"line":2,"column":44}},"3":{"start":{"line":4,"column":0},"end":{"line":4,"column":34}},"4":{"start":{"line":5,"column":0},"end":{"line":5,"column":42}},"5":{"start":{"line":6,"column":0},"end":{"line":6,"column":26}},"6":{"start":{"line":7,"column":0},"end":{"line":7,"column":27}},"8":{"start":{"line":9,"column":0},"end":{"line":9,"column":66}},"9":{"start":{"line":10,"column":0},"end":{"line":10,"column":50}},"10":{"start":{"line":11,"column":0},"end":{"line":11,"column":1}},"12":{"start":{"line":13,"column":0},"end":{"line":13,"column":29}},"13":{"start":{"line":14,"column":0},"end":{"line":14,"column":42}},"14":{"start":{"line":15,"column":0},"end":{"line":15,"column":21}},"15":{"start":{"line":16,"column":0},"end":{"line":16,"column":22}},"17":{"start":{"line":18,"column":0},"end":{"line":18,"column":61}},"18":{"start":{"line":19,"column":0},"end":{"line":19,"column":45}},"19":{"start":{"line":20,"column":0},"end":{"line":20,"column":1}},"20":{"start":{"line":21,"column":0},"end":{"line":21,"column":37}},"21":{"start":{"line":22,"column":0},"end":{"line":22,"column":42}},"22":{"start":{"line":23,"column":0},"end":{"line":23,"column":30}},"23":{"start":{"line":24,"column":0},"end":{"line":24,"column":30}},"25":{"start":{"line":26,"column":0},"end":{"line":26,"column":70}},"26":{"start":{"line":27,"column":0},"end":{"line":27,"column":54}},"27":{"start":{"line":28,"column":0},"end":{"line":28,"column":1}},"29":{"start":{"line":30,"column":0},"end":{"line":30,"column":38}},"30":{"start":{"line":31,"column":0},"end":{"line":31,"column":9}},"32":{"start":{"line":33,"column":0},"end":{"line":33,"column":31}},"33":{"start":{"line":34,"column":0},"end":{"line":34,"column":26}},"34":{"start":{"line":35,"column":0},"end":{"line":35,"column":34}},"35":{"start":{"line":36,"column":0},"end":{"line":36,"column":19}},"36":{"start":{"line":37,"column":0},"end":{"line":37,"column":26}},"37":{"start":{"line":38,"column":0},"end":{"line":38,"column":5}},"38":{"start":{"line":39,"column":0},"end":{"line":39,"column":1}},"39":{"start":{"line":40,"column":0},"end":{"line":40,"column":14}}},"s":{"0":0,"1":0,"3":0,"4":0,"5":0,"6":0,"8":0,"9":0,"10":0,"12":0,"13":0,"14":0,"15":0,"17":0,"18":0,"19":0,"20":0,"21":0,"22":0,"23":0,"25":0,"26":0,"27":0,"29":0,"30":0,"32":0,"33":0,"34":0,"35":0,"36":0,"37":0,"38":0,"39":0},"branchMap":{"0":{"type":"branch","line":1,"loc":{"start":{"line":1,"column":0},"end":{"line":40,"column":-203}},"locations":[{"start":{"line":1,"column":0},"end":{"line":40,"column":-203}}]}},"b":{"0":[0]},"fnMap":{"0":{"name":"(empty-report)","decl":{"start":{"line":1,"column":0},"end":{"line":40,"column":-203}},"loc":{"start":{"line":1,"column":0},"end":{"line":40,"column":-203}},"line":1}},"f":{"0":0}}
,"/home/koo/Projects/examgenie/src/database/seedData.ts": {"path":"/home/koo/Projects/examgenie/src/database/seedData.ts","all":true,"statementMap":{"18":{"start":{"line":19,"column":0},"end":{"line":19,"column":38}},"19":{"start":{"line":20,"column":0},"end":{"line":20,"column":39}},"20":{"start":{"line":21,"column":0},"end":{"line":21,"column":40}},"21":{"start":{"line":22,"column":0},"end":{"line":22,"column":36}},"22":{"start":{"line":23,"column":0},"end":{"line":23,"column":40}},"23":{"start":{"line":24,"column":0},"end":{"line":24,"column":39}},"24":{"start":{"line":25,"column":0},"end":{"line":25,"column":2}},"27":{"start":{"line":28,"column":0},"end":{"line":28,"column":28}},"28":{"start":{"line":29,"column":0},"end":{"line":29,"column":31}},"29":{"start":{"line":30,"column":0},"end":{"line":30,"column":33}},"30":{"start":{"line":31,"column":0},"end":{"line":31,"column":31}},"31":{"start":{"line":32,"column":0},"end":{"line":32,"column":39}},"32":{"start":{"line":33,"column":0},"end":{"line":33,"column":42}},"33":{"start":{"line":34,"column":0},"end":{"line":34,"column":35}},"34":{"start":{"line":35,"column":0},"end":{"line":35,"column":2}},"37":{"start":{"line":38,"column":0},"end":{"line":38,"column":44}},"38":{"start":{"line":39,"column":0},"end":{"line":39,"column":34}},"39":{"start":{"line":40,"column":0},"end":{"line":40,"column":34}},"40":{"start":{"line":41,"column":0},"end":{"line":41,"column":34}},"41":{"start":{"line":42,"column":0},"end":{"line":42,"column":34}},"42":{"start":{"line":43,"column":0},"end":{"line":43,"column":34}},"43":{"start":{"line":44,"column":0},"end":{"line":44,"column":34}},"44":{"start":{"line":45,"column":0},"end":{"line":45,"column":34}},"45":{"start":{"line":46,"column":0},"end":{"line":46,"column":34}},"46":{"start":{"line":47,"column":0},"end":{"line":47,"column":34}},"47":{"start":{"line":48,"column":0},"end":{"line":48,"column":2}}},"s":{"18":0,"19":0,"20":0,"21":0,"22":0,"23":0,"24":0,"27":0,"28":0,"29":0,"30":0,"31":0,"32":0,"33":0,"34":0,"37":0,"38":0,"39":0,"40":0,"41":0,"42":0,"43":0,"44":0,"45":0,"46":0,"47":0},"branchMap":{"0":{"type":"branch","line":1,"loc":{"start":{"line":1,"column":1130},"end":{"line":48,"column":2}},"locations":[{"start":{"line":1,"column":1130},"end":{"line":48,"column":2}}]}},"b":{"0":[1]},"fnMap":{"0":{"name":"(empty-report)","decl":{"start":{"line":1,"column":1130},"end":{"line":48,"column":2}},"loc":{"start":{"line":1,"column":1130},"end":{"line":48,"column":2}},"line":1}},"f":{"0":1}}
,"/home/koo/Projects/examgenie/src/database/supabaseClient.ts": {"path":"/home/koo/Projects/examgenie/src/database/supabaseClient.ts","all":false,"statementMap":{"0":{"start":{"line":1,"column":0},"end":{"line":1,"column":53}},"1":{"start":{"line":2,"column":0},"end":{"line":2,"column":27}},"2":{"start":{"line":3,"column":0},"end":{"line":3,"column":15}},"4":{"start":{"line":5,"column":0},"end":{"line":5,"column":46}},"5":{"start":{"line":6,"column":0},"end":{"line":6,"column":46}},"7":{"start":{"line":8,"column":0},"end":{"line":8,"column":67}}},"s":{"0":1,"1":1,"2":1,"4":1,"5":1,"7":1},"branchMap":{},"b":{},"fnMap":{},"f":{}}
,"/home/koo/Projects/examgenie/src/models/questions.ts": {"path":"/home/koo/Projects/examgenie/src/models/questions.ts","all":false,"statementMap":{"0":{"start":{"line":1,"column":0},"end":{"line":1,"column":0}},"1":{"start":{"line":2,"column":0},"end":{"line":2,"column":53}},"3":{"start":{"line":4,"column":0},"end":{"line":4,"column":73}},"4":{"start":{"line":5,"column":0},"end":{"line":5,"column":37}},"5":{"start":{"line":6,"column":0},"end":{"line":6,"column":38}},"6":{"start":{"line":7,"column":0},"end":{"line":7,"column":5}},"7":{"start":{"line":8,"column":0},"end":{"line":8,"column":14}},"8":{"start":{"line":9,"column":0},"end":{"line":9,"column":65}},"9":{"start":{"line":10,"column":0},"end":{"line":10,"column":25}},"10":{"start":{"line":11,"column":0},"end":{"line":11,"column":25}},"11":{"start":{"line":12,"column":0},"end":{"line":12,"column":37}},"14":{"start":{"line":15,"column":0},"end":{"line":15,"column":23}},"15":{"start":{"line":16,"column":0},"end":{"line":16,"column":59}},"16":{"start":{"line":17,"column":0},"end":{"line":17,"column":43}},"18":{"start":{"line":19,"column":0},"end":{"line":19,"column":9}},"20":{"start":{"line":21,"column":0},"end":{"line":21,"column":49}},"21":{"start":{"line":22,"column":0},"end":{"line":22,"column":77}},"22":{"start":{"line":23,"column":0},"end":{"line":23,"column":34}},"23":{"start":{"line":24,"column":0},"end":{"line":24,"column":34}},"24":{"start":{"line":25,"column":0},"end":{"line":25,"column":34}},"26":{"start":{"line":27,"column":0},"end":{"line":27,"column":28}},"27":{"start":{"line":28,"column":0},"end":{"line":28,"column":73}},"28":{"start":{"line":29,"column":0},"end":{"line":29,"column":48}},"29":{"start":{"line":30,"column":0},"end":{"line":30,"column":9}},"30":{"start":{"line":31,"column":0},"end":{"line":31,"column":77}},"31":{"start":{"line":32,"column":0},"end":{"line":32,"column":30}},"32":{"start":{"line":33,"column":0},"end":{"line":33,"column":24}},"33":{"start":{"line":34,"column":0},"end":{"line":34,"column":63}},"35":{"start":{"line":36,"column":0},"end":{"line":36,"column":28}},"36":{"start":{"line":37,"column":0},"end":{"line":37,"column":32}},"37":{"start":{"line":38,"column":0},"end":{"line":38,"column":9}},"39":{"start":{"line":40,"column":0},"end":{"line":40,"column":29}},"40":{"start":{"line":41,"column":0},"end":{"line":41,"column":69}},"41":{"start":{"line":42,"column":0},"end":{"line":42,"column":49}},"42":{"start":{"line":43,"column":0},"end":{"line":43,"column":9}},"44":{"start":{"line":45,"column":0},"end":{"line":45,"column":5}},"45":{"start":{"line":46,"column":0},"end":{"line":46,"column":10}},"47":{"start":{"line":48,"column":0},"end":{"line":48,"column":46}},"48":{"start":{"line":49,"column":0},"end":{"line":49,"column":30}},"49":{"start":{"line":50,"column":0},"end":{"line":50,"column":24}},"50":{"start":{"line":51,"column":0},"end":{"line":51,"column":19}},"51":{"start":{"line":52,"column":0},"end":{"line":52,"column":23}},"52":{"start":{"line":53,"column":0},"end":{"line":53,"column":9}},"53":{"start":{"line":54,"column":0},"end":{"line":54,"column":20}},"54":{"start":{"line":55,"column":0},"end":{"line":55,"column":24}},"55":{"start":{"line":56,"column":0},"end":{"line":56,"column":9}},"56":{"start":{"line":57,"column":0},"end":{"line":57,"column":5}},"57":{"start":{"line":58,"column":0},"end":{"line":58,"column":1}}},"s":{"0":1,"1":1,"3":1,"4":7,"5":1,"6":1,"7":7,"8":5,"9":5,"10":5,"11":5,"14":5,"15":0,"16":0,"18":0,"20":5,"21":5,"22":5,"23":5,"24":5,"26":5,"27":0,"28":0,"29":0,"30":5,"31":5,"32":5,"33":5,"35":5,"36":5,"37":5,"39":0,"40":0,"41":0,"42":0,"44":5,"45":1,"47":1,"48":1,"49":1,"50":1,"51":1,"52":1,"53":0,"54":0,"55":0,"56":1,"57":7},"branchMap":{"0":{"type":"branch","line":4,"loc":{"start":{"line":4,"column":30},"end":{"line":58,"column":1}},"locations":[{"start":{"line":4,"column":30},"end":{"line":58,"column":1}}]},"1":{"type":"branch","line":5,"loc":{"start":{"line":5,"column":8},"end":{"line":5,"column":36}},"locations":[{"start":{"line":5,"column":8},"end":{"line":5,"column":36}}]},"2":{"type":"branch","line":5,"loc":{"start":{"line":5,"column":36},"end":{"line":7,"column":5}},"locations":[{"start":{"line":5,"column":36},"end":{"line":7,"column":5}}]},"3":{"type":"branch","line":7,"loc":{"start":{"line":7,"column":4},"end":{"line":8,"column":13}},"locations":[{"start":{"line":7,"column":4},"end":{"line":8,"column":13}}]},"4":{"type":"branch","line":8,"loc":{"start":{"line":8,"column":13},"end":{"line":45,"column":5}},"locations":[{"start":{"line":8,"column":13},"end":{"line":45,"column":5}}]},"5":{"type":"branch","line":15,"loc":{"start":{"line":15,"column":22},"end":{"line":19,"column":9}},"locations":[{"start":{"line":15,"column":22},"end":{"line":19,"column":9}}]},"6":{"type":"branch","line":27,"loc":{"start":{"line":27,"column":27},"end":{"line":30,"column":9}},"locations":[{"start":{"line":27,"column":27},"end":{"line":30,"column":9}}]},"7":{"type":"branch","line":38,"loc":{"start":{"line":38,"column":8},"end":{"line":43,"column":9}},"locations":[{"start":{"line":38,"column":8},"end":{"line":43,"column":9}}]},"8":{"type":"branch","line":45,"loc":{"start":{"line":45,"column":4},"end":{"line":57,"column":5}},"locations":[{"start":{"line":45,"column":4},"end":{"line":57,"column":5}}]},"9":{"type":"branch","line":53,"loc":{"start":{"line":53,"column":8},"end":{"line":56,"column":9}},"locations":[{"start":{"line":53,"column":8},"end":{"line":56,"column":9}}]},"10":{"type":"branch","line":21,"loc":{"start":{"line":21,"column":36},"end":{"line":21,"column":47}},"locations":[{"start":{"line":21,"column":36},"end":{"line":21,"column":47}}]},"11":{"type":"branch","line":34,"loc":{"start":{"line":34,"column":41},"end":{"line":34,"column":61}},"locations":[{"start":{"line":34,"column":41},"end":{"line":34,"column":61}}]}},"b":{"0":[7],"1":[6],"2":[1],"3":[6],"4":[5],"5":[0],"6":[0],"7":[0],"8":[1],"9":[0],"10":[4],"11":[3]},"fnMap":{"0":{"name":"fetchQuestions","decl":{"start":{"line":4,"column":30},"end":{"line":58,"column":1}},"loc":{"start":{"line":4,"column":30},"end":{"line":58,"column":1}},"line":4}},"f":{"0":7}}
}
